# JRE version: OpenJDK Runtime Environment (15.0.1+9) (build 15.0.1+9-18)
# Java VM: OpenJDK 64-Bit Server VM (15.0.1+9-18, mixed mode, sharing, tiered, compressed oops, g1 gc, windows-amd64)
GC Precious Log:
 CPUs: 8 total, 8 available
 Memory: 16069M
 Large Page Support: Disabled
 NUMA Support: Disabled
 Compressed Oops: Enabled (32-bit)
 Heap Region Size: 1M
 Heap Min Capacity: 8M
 Heap Initial Capacity: 252M
 Heap Max Capacity: 2G
 Pre-touch: Disabled
 Parallel Workers: 8
 Concurrent Workers: 2
 Concurrent Refinement Workers: 8
 Periodic GC: Disabled
Heap:
 garbage-first heap   total 306176K, used 184680K [0x0000000080000000, 0x0000000100000000)
  region size 1024K, 17 young (17408K), 8 survivors (8192K)
 Metaspace       used 113176K, capacity 116347K, committed 116528K, reserved 618496K
  class space    used 14692K, capacity 15714K, committed 15744K, reserved 516096K
GC Heap History (20 events):
Event: 76.949 GC heap before
{Heap before GC invocations=59 (full 0):
 garbage-first heap   total 222208K, used 166854K [0x0000000080000000, 0x0000000100000000)
  region size 1024K, 42 young (43008K), 6 survivors (6144K)
 Metaspace       used 105137K, capacity 108080K, committed 108336K, reserved 610304K
  class space    used 13892K, capacity 14860K, committed 14976K, reserved 516096K
}
Event: 76.960 GC heap after
{Heap after GC invocations=60 (full 0):
 garbage-first heap   total 222208K, used 134900K [0x0000000080000000, 0x0000000100000000)
  region size 1024K, 5 young (5120K), 5 survivors (5120K)
 Metaspace       used 105137K, capacity 108080K, committed 108336K, reserved 610304K
  class space    used 13892K, capacity 14860K, committed 14976K, reserved 516096K
}
Event: 77.528 GC heap before
{Heap before GC invocations=60 (full 0):
 garbage-first heap   total 222208K, used 176884K [0x0000000080000000, 0x0000000100000000)
  region size 1024K, 46 young (47104K), 5 survivors (5120K)
 Metaspace       used 105469K, capacity 108392K, committed 108592K, reserved 610304K
  class space    used 13923K, capacity 14900K, committed 14976K, reserved 516096K
}
Event: 77.534 GC heap after
{Heap after GC invocations=61 (full 0):
 garbage-first heap   total 222208K, used 139679K [0x0000000080000000, 0x0000000100000000)
  region size 1024K, 5 young (5120K), 5 survivors (5120K)
 Metaspace       used 105469K, capacity 108392K, committed 108592K, reserved 610304K
  class space    used 13923K, capacity 14900K, committed 14976K, reserved 516096K
}
Event: 78.053 GC heap before
{Heap before GC invocations=62 (full 0):
 garbage-first heap   total 263168K, used 179615K [0x0000000080000000, 0x0000000100000000)
  region size 1024K, 44 young (45056K), 5 survivors (5120K)
 Metaspace       used 107167K, capacity 110154K, committed 110256K, reserved 612352K
  class space    used 14109K, capacity 15075K, committed 15104K, reserved 516096K
}
Event: 78.062 GC heap after
{Heap after GC invocations=63 (full 0):
 garbage-first heap   total 263168K, used 144071K [0x0000000080000000, 0x0000000100000000)
  region size 1024K, 5 young (5120K), 5 survivors (5120K)
 Metaspace       used 107167K, capacity 110154K, committed 110256K, reserved 612352K
  class space    used 14109K, capacity 15075K, committed 15104K, reserved 516096K
}
Event: 78.973 GC heap before
{Heap before GC invocations=63 (full 0):
 garbage-first heap   total 263168K, used 205511K [0x0000000080000000, 0x0000000100000000)
  region size 1024K, 66 young (67584K), 5 survivors (5120K)
 Metaspace       used 109569K, capacity 112558K, committed 112816K, reserved 614400K
  class space    used 14315K, capacity 15269K, committed 15360K, reserved 516096K
}
Event: 78.986 GC heap after
{Heap after GC invocations=64 (full 0):
 garbage-first heap   total 263168K, used 150261K [0x0000000080000000, 0x0000000100000000)
  region size 1024K, 9 young (9216K), 9 survivors (9216K)
 Metaspace       used 109569K, capacity 112558K, committed 112816K, reserved 614400K
  class space    used 14315K, capacity 15269K, committed 15360K, reserved 516096K
}
Event: 80.148 GC heap before
{Heap before GC invocations=65 (full 0):
 garbage-first heap   total 270336K, used 208628K [0x0000000080000000, 0x0000000100000000)
  region size 1024K, 67 young (68608K), 9 survivors (9216K)
 Metaspace       used 110277K, capacity 113296K, committed 113584K, reserved 614400K
  class space    used 14361K, capacity 15316K, committed 15360K, reserved 516096K
}
Event: 80.160 GC heap after
{Heap after GC invocations=66 (full 0):
 garbage-first heap   total 270336K, used 154203K [0x0000000080000000, 0x0000000100000000)
  region size 1024K, 4 young (4096K), 4 survivors (4096K)
 Metaspace       used 110277K, capacity 113296K, committed 113584K, reserved 614400K
  class space    used 14361K, capacity 15316K, committed 15360K, reserved 516096K
}
Event: 81.085 GC heap before
{Heap before GC invocations=66 (full 0):
 garbage-first heap   total 270336K, used 217691K [0x0000000080000000, 0x0000000100000000)
  region size 1024K, 67 young (68608K), 4 survivors (4096K)
 Metaspace       used 110608K, capacity 113631K, committed 113968K, reserved 616448K
  class space    used 14384K, capacity 15382K, committed 15488K, reserved 516096K
}
Event: 81.093 GC heap after
{Heap after GC invocations=67 (full 0):
 garbage-first heap   total 270336K, used 157973K [0x0000000080000000, 0x0000000100000000)
  region size 1024K, 8 young (8192K), 8 survivors (8192K)
 Metaspace       used 110608K, capacity 113631K, committed 113968K, reserved 616448K
  class space    used 14384K, capacity 15382K, committed 15488K, reserved 516096K
}
Event: 82.018 GC heap before
{Heap before GC invocations=68 (full 0):
 garbage-first heap   total 302080K, used 220437K [0x0000000080000000, 0x0000000100000000)
  region size 1024K, 70 young (71680K), 8 survivors (8192K)
 Metaspace       used 110734K, capacity 113845K, committed 113968K, reserved 616448K
  class space    used 14393K, capacity 15387K, committed 15488K, reserved 516096K
}
Event: 82.027 GC heap after
{Heap after GC invocations=69 (full 0):
 garbage-first heap   total 302080K, used 161445K [0x0000000080000000, 0x0000000100000000)
  region size 1024K, 8 young (8192K), 8 survivors (8192K)
 Metaspace       used 110734K, capacity 113845K, committed 113968K, reserved 616448K
  class space    used 14393K, capacity 15387K, committed 15488K, reserved 516096K
}
Event: 83.343 GC heap before
{Heap before GC invocations=69 (full 0):
 garbage-first heap   total 302080K, used 245413K [0x0000000080000000, 0x0000000100000000)
  region size 1024K, 91 young (93184K), 8 survivors (8192K)
 Metaspace       used 112131K, capacity 115273K, committed 115376K, reserved 616448K
  class space    used 14566K, capacity 15551K, committed 15616K, reserved 516096K
}
Event: 83.353 GC heap after
{Heap after GC invocations=70 (full 0):
 garbage-first heap   total 302080K, used 170036K [0x0000000080000000, 0x0000000100000000)
  region size 1024K, 12 young (12288K), 12 survivors (12288K)
 Metaspace       used 112131K, capacity 115273K, committed 115376K, reserved 616448K
  class space    used 14566K, capacity 15551K, committed 15616K, reserved 516096K
}
Event: 84.378 GC heap before
{Heap before GC invocations=71 (full 0):
 garbage-first heap   total 306176K, used 247860K [0x0000000080000000, 0x0000000100000000)
  region size 1024K, 89 young (91136K), 12 survivors (12288K)
 Metaspace       used 112316K, capacity 115456K, committed 115632K, reserved 616448K
  class space    used 14590K, capacity 15610K, committed 15616K, reserved 516096K
}
Event: 84.389 GC heap after
{Heap after GC invocations=72 (full 0):
 garbage-first heap   total 306176K, used 174547K [0x0000000080000000, 0x0000000100000000)
  region size 1024K, 5 young (5120K), 5 survivors (5120K)
 Metaspace       used 112316K, capacity 115456K, committed 115632K, reserved 616448K
  class space    used 14590K, capacity 15610K, committed 15616K, reserved 516096K
}
Event: 84.925 GC heap before
{Heap before GC invocations=72 (full 0):
 garbage-first heap   total 306176K, used 253395K [0x0000000080000000, 0x0000000100000000)
  region size 1024K, 83 young (84992K), 5 survivors (5120K)
 Metaspace       used 112513K, capacity 115608K, committed 115760K, reserved 616448K
  class space    used 14608K, capacity 15617K, committed 15744K, reserved 516096K
}
Event: 84.931 GC heap after
{Heap after GC invocations=73 (full 0):
 garbage-first heap   total 306176K, used 177512K [0x0000000080000000, 0x0000000100000000)
  region size 1024K, 8 young (8192K), 8 survivors (8192K)
 Metaspace       used 112513K, capacity 115608K, committed 115760K, reserved 616448K
  class space    used 14608K, capacity 15617K, committed 15744K, reserved 516096K
}

